
synthesis -f "PFD_Experiments_impl1_lattice.synproj"
synthesis:  version Diamond (64-bit) 3.12.0.240.2

Copyright (c) 1991-1994 by NeoCAD Inc. All rights reserved.
Copyright (c) 1995 AT&T Corp.   All rights reserved.
Copyright (c) 1995-2001 Lucent Technologies Inc.  All rights reserved.
Copyright (c) 2001 Agere Systems   All rights reserved.
Copyright (c) 2002-2020 Lattice Semiconductor Corporation,  All rights reserved.
Tue Feb 15 00:11:55 2022


Command Line:  synthesis -f PFD_Experiments_impl1_lattice.synproj -gui 

    <postMsg mid="35002000" type="Info"    dynamic="0" navigation="0"  />
Synthesis options:
The -a option is MachXO2.
The -s option is 4.
The -t option is TQFP144.
The -d option is LCMXO2-7000HE.
Using package TQFP144.
Using performance grade 4.
                                                          

##########################################################

### Lattice Family : MachXO2

### Device  : LCMXO2-7000HE

### Package : TQFP144

### Speed   : 4

##########################################################

                                                          

    <postMsg mid="35001781" type="Info"    dynamic="0" navigation="0"  />
Optimization goal = Balanced
Top-level module name = top.
Target frequency = 200.000000 MHz.
Maximum fanout = 1000.
Timing path count = 3
BRAM utilization = 100.000000 %
DSP usage = true
DSP utilization = 100.000000 %
fsm_encoding_style = auto
resolve_mixed_drivers = 0
fix_gated_clocks = 1

Mux style = Auto
Use Carry Chain = true
carry_chain_length = 0
Loop Limit = 1950.
Use IO Insertion = TRUE
Use IO Reg = AUTO

Resource Sharing = TRUE
Propagate Constants = TRUE
Remove Duplicate Registers = TRUE
force_gsr = auto
ROM style = auto
RAM style = auto
The -comp option is FALSE.
The -syn option is FALSE.
-p C:/Users/George Smart/Documents/LatticeFPGA/PFD Experiments (searchpath added)
-p C:/lscc/diamond/3.12/ispfpga/xo2c00/data (searchpath added)
-p C:/Users/George Smart/Documents/LatticeFPGA/PFD Experiments/impl1 (searchpath added)
-p C:/Users/George Smart/Documents/LatticeFPGA/PFD Experiments (searchpath added)
Verilog design file = C:/Users/George Smart/Documents/LatticeFPGA/PFD Experiments/top.v
Verilog design file = C:/Users/George Smart/Documents/LatticeFPGA/PFD Experiments/spi.v
NGD file = PFD_Experiments_impl1.ngd
-sdc option: SDC file input not used.
-lpf option: Output file option is ON.
Hardtimer checking is enabled (default). The -dt option is not used.
The -r option is OFF. [ Remove LOC Properties is OFF. ]
Technology check ok...

Analyzing Verilog file C:/lscc/diamond/3.12/ispfpga/userware/NT/SYNTHESIS_HEADERS/machxo2.v. VERI-1482
Compile design.
Compile Design Begin
Analyzing Verilog file c:/users/george smart/documents/latticefpga/pfd experiments/top.v. VERI-1482
Analyzing Verilog file c:/users/george smart/documents/latticefpga/pfd experiments/spi.v. VERI-1482
Analyzing Verilog file C:/lscc/diamond/3.12/ispfpga/userware/NT/SYNTHESIS_HEADERS/machxo2.v. VERI-1482
Top module name (Verilog): top
    <postMsg mid="35901018" type="Info"    dynamic="2" navigation="2" arg0="c:/users/george smart/documents/latticefpga/pfd experiments/top.v(7): " arg1="top" arg2="c:/users/george smart/documents/latticefpga/pfd experiments/top.v" arg3="7"  />
    <postMsg mid="35901018" type="Info"    dynamic="2" navigation="2" arg0="C:/lscc/diamond/3.12/ispfpga/userware/NT/SYNTHESIS_HEADERS/machxo2.v(1793): " arg1="OSCH(NOM_FREQ=&quot;133.00&quot;)" arg2="C:/lscc/diamond/3.12/ispfpga/userware/NT/SYNTHESIS_HEADERS/machxo2.v" arg3="1793"  />
    <postMsg mid="35901018" type="Info"    dynamic="2" navigation="2" arg0="c:/users/george smart/documents/latticefpga/pfd experiments/spi.v(9): " arg1="spi_peripheral" arg2="c:/users/george smart/documents/latticefpga/pfd experiments/spi.v" arg3="9"  />
Removed duplicate sequential element byte_data_received_hold(32 bit), because it is equivalent to byte_data_received_hold_28

Last elaborated design is top()
Loading NGL library 'C:/lscc/diamond/3.12/ispfpga/xo2c00a/data/xo2alib.ngl'...
Loading NGL library 'C:/lscc/diamond/3.12/ispfpga/xo2c00/data/xo2clib.ngl'...
Loading NGL library 'C:/lscc/diamond/3.12/ispfpga/mg5g00/data/mg5glib.ngl'...
Loading NGL library 'C:/lscc/diamond/3.12/ispfpga/or5g00/data/orc5glib.ngl'...
Loading device for application map from file 'xo2c7000.nph' in environment: C:/lscc/diamond/3.12/ispfpga.
Package Status:                     Final          Version 1.39.
Top-level module name = top.
    <postMsg mid="35002005" type="Warning" dynamic="1" navigation="0" arg0="gps_txd"  />
    <postMsg mid="35002005" type="Warning" dynamic="1" navigation="0" arg0="gps_rxd"  />
    <postMsg mid="35002005" type="Warning" dynamic="1" navigation="0" arg0="ftdi_txd"  />
    <postMsg mid="35002005" type="Warning" dynamic="1" navigation="0" arg0="ftdi_rxd"  />



    <postMsg mid="35002005" type="Warning" dynamic="1" navigation="0" arg0="gps_txd"  />
    <postMsg mid="35002005" type="Warning" dynamic="1" navigation="0" arg0="gps_rxd"  />
    <postMsg mid="35002005" type="Warning" dynamic="1" navigation="0" arg0="ftdi_txd"  />
    <postMsg mid="35002005" type="Warning" dynamic="1" navigation="0" arg0="ftdi_rxd"  />
    <postMsg mid="35002005" type="Warning" dynamic="1" navigation="0" arg0="MOSI"  />
GSR will not be inferred because no asynchronous signal was found in the netlist.
Applying 200.000000 MHz constraint to all clocks

    <postMsg mid="35001611" type="Warning" dynamic="0" navigation="0"  />
Results of NGD DRC are available in top_drc.log.
Loading NGL library 'C:/lscc/diamond/3.12/ispfpga/xo2c00a/data/xo2alib.ngl'...
Loading NGL library 'C:/lscc/diamond/3.12/ispfpga/xo2c00/data/xo2clib.ngl'...
Loading NGL library 'C:/lscc/diamond/3.12/ispfpga/mg5g00/data/mg5glib.ngl'...
Loading NGL library 'C:/lscc/diamond/3.12/ispfpga/or5g00/data/orc5glib.ngl'...


Running DRC...

    <postMsg mid="1166052" type="Warning" dynamic="2" navigation="1" arg0="logical" arg1="MOSI" arg2="MOSI"  />
    <postMsg mid="1166064" type="Warning" dynamic="2" navigation="0" arg0="input" arg1="MOSI"  />
    <postMsg mid="1163101" type="Warning" dynamic="1" navigation="0" arg0="2"  />

Design Results:
    247 blocks expanded
completed the first expansion
All blocks are expanded and NGD expansion is successful.
Writing NGD file PFD_Experiments_impl1.ngd.

################### Begin Area Report (top)######################
Number of register bits => 139 of 7209 (1 % )
CCU2D => 34
FD1P3AX => 31
FD1P3IX => 5
FD1S3AX => 102
FD1S3IX => 1
GSR => 1
IB => 6
LUT4 => 52
OB => 11
OSCH => 1
################### End Area Report ##################

################### Begin BlackBox Report ######################
TSALL => 1
################### End BlackBox Report ##################

################### Begin Clock Report ######################
Clock Nets
Number of Clocks: 3
  Net : gps_pps_c, loads : 64
  Net : fastclk, loads : 43
  Net : test_clk_c, loads : 32
Clock Enable Nets
Number of Clock Enables: 2
Top 2 highest fanout Clock Enables:
  Net : spi/fastclk_enable_36, loads : 32
  Net : fastclk_enable_4, loads : 1
Highest fanout non-clock nets
Top 10 highest fanout non-clock nets:
  Net : spi/fastclk_enable_36, loads : 32
  Net : spi/n566, loads : 31
  Net : spi/n397, loads : 31
  Net : spi/SSELr_1, loads : 10
  Net : spi/SCKr_1, loads : 5
  Net : spi/bitcnt_0, loads : 5
  Net : spi/bitcnt_1, loads : 5
  Net : spi/SCKr_2, loads : 4
  Net : fastclk_enable_4, loads : 4
  Net : spi/bitcnt_2, loads : 4
################### End Clock Report ##################

Timing Report Summary
--------------
--------------------------------------------------------------------------------
Constraint                              |   Constraint|       Actual|Levels
--------------------------------------------------------------------------------
                                        |             |             |
create_clock -period 5.000000 -name     |             |             |
clk2 [get_nets test_clk_c]              |  200.000 MHz|  146.135 MHz|    18 *
                                        |             |             |
create_clock -period 5.000000 -name     |             |             |
clk1 [get_nets fastclk]                 |  200.000 MHz|  133.032 MHz|     4 *
                                        |             |             |
create_clock -period 5.000000 -name     |             |             |
clk0 [get_nets gps_pps_c]               |  200.000 MHz|  554.939 MHz|     1  
                                        |             |             |
--------------------------------------------------------------------------------


2 constraints not met.


Peak Memory Usage: 59.332  MB

--------------------------------------------------------------
Elapsed CPU time for LSE flow : 0.469  secs
--------------------------------------------------------------

map -a "MachXO2" -p LCMXO2-7000HE -t TQFP144 -s 4 -oc Industrial   "PFD_Experiments_impl1.ngd" -o "PFD_Experiments_impl1_map.ncd" -pr "PFD_Experiments_impl1.prf" -mp "PFD_Experiments_impl1.mrp" -lpf "C:/Users/George Smart/Documents/LatticeFPGA/PFD Experiments/impl1/PFD_Experiments_impl1.lpf" -lpf "C:/Users/George Smart/Documents/LatticeFPGA/PFD Experiments/PFD_Experiments.lpf"  -c 0           
map:  version Diamond (64-bit) 3.12.0.240.2

Copyright (c) 1991-1994 by NeoCAD Inc. All rights reserved.
Copyright (c) 1995 AT&T Corp.   All rights reserved.
Copyright (c) 1995-2001 Lucent Technologies Inc.  All rights reserved.
Copyright (c) 2001 Agere Systems   All rights reserved.
Copyright (c) 2002-2020 Lattice Semiconductor Corporation,  All rights reserved.
   Process the file: PFD_Experiments_impl1.ngd
   Picdevice="LCMXO2-7000HE"

   Pictype="TQFP144"

   Picspeed=4

   Remove unused logic

   Do not produce over sized NCDs.

Part used: LCMXO2-7000HETQFP144, Performance used: 4.

    <postMsg mid="1100644" type="Warning" dynamic="2" navigation="2" arg0="C:/Users/George Smart/Documents/LatticeFPGA/PFD Experiments/PFD_Experiments.lpf(39): Semantic error in &quot;IOBUF PORT &quot;MOSI&quot; IO_TYPE=LVCMOS33 ;&quot;: " arg1="MOSI" arg2="C:/Users/George Smart/Documents/LatticeFPGA/PFD Experiments/PFD_Experiments.lpf" arg3="39"  />
Loading device for application map from file 'xo2c7000.nph' in environment: C:/lscc/diamond/3.12/ispfpga.
Package Status:                     Final          Version 1.39.

Running general design DRC...

    <postMsg mid="1166064" type="Warning" dynamic="2" navigation="0" arg0="input" arg1="MOSI"  />
Removing unused logic...

Optimizing...

    <postMsg mid="51001046" type="Warning" dynamic="1" navigation="0" arg0="MOSI"  />



Design Summary:
   Number of registers:    139 out of  7209 (2%)
      PFU registers:          139 out of  6864 (2%)
      PIO registers:            0 out of   345 (0%)
   Number of SLICEs:        72 out of  3432 (2%)
      SLICEs as Logic/ROM:     72 out of  3432 (2%)
      SLICEs as RAM:            0 out of  2574 (0%)
      SLICEs as Carry:         34 out of  3432 (1%)
   Number of LUT4s:        120 out of  6864 (2%)
      Number used as logic LUTs:         52
      Number used as distributed RAM:     0
      Number used as ripple logic:       68
      Number used as shift registers:     0
   Number of PIO sites used: 17 + 4(JTAG) out of 115 (18%)
   Number of block RAMs:  0 out of 26 (0%)
   Number of GSRs:        0 out of 1 (0%)
   EFB used :        No
   JTAG used :       No
   Readback used :   No
   Oscillator used : Yes
   Startup used :    No
   POR :             On
   Bandgap :         On
   Number of Power Controller:  0 out of 1 (0%)
   Number of Dynamic Bank Controller (BCINRD):  0 out of 6 (0%)
   Number of Dynamic Bank Controller (BCLVDSO):  0 out of 1 (0%)
   Number of DCCA:  0 out of 8 (0%)
   Number of DCMA:  0 out of 2 (0%)
   Number of PLLs:  0 out of 2 (0%)
   Number of DQSDLLs:  0 out of 2 (0%)
   Number of CLKDIVC:  0 out of 4 (0%)
   Number of ECLKSYNCA:  0 out of 4 (0%)
   Number of ECLKBRIDGECS:  0 out of 2 (0%)
   Notes:-
      1. Total number of LUT4s = (Number of logic LUT4s) + 2*(Number of distributed RAMs) + 2*(Number of ripple logic)
      2. Number of logic LUT4s does not include count of distributed RAM and ripple logic.
   Number of clocks:  3
     Net fastclk: 23 loads, 23 rising, 0 falling (Driver: rc_oscillator )
     Net gps_pps_c: 32 loads, 32 rising, 0 falling (Driver: PIO gps_pps )
     Net test_clk_c: 17 loads, 17 rising, 0 falling (Driver: PIO test_clk )
   Number of Clock Enables:  2
     Net spi/fastclk_enable_36: 17 loads, 17 LSLICEs
     Net fastclk_enable_4: 2 loads, 2 LSLICEs
   Number of LSRs:  2
     Net SSELr_1: 3 loads, 3 LSLICEs
     Net spi/n449: 1 loads, 1 LSLICEs
   Number of nets driven by tri-state buffers:  0
   Top 10 highest fanout non-clock nets:
     Net spi/n397: 31 loads
     Net spi/n566: 31 loads
     Net spi/fastclk_enable_36: 17 loads
     Net SSELr_1: 9 loads
     Net bitcnt_0: 6 loads
     Net SCKr_1: 6 loads
     Net SCKr_2: 5 loads
     Net spi/bitcnt_1: 5 loads
     Net spi/bitcnt_2: 4 loads
     Net spi/bitcnt_3: 3 loads
 

   Number of warnings:  3
   Number of errors:    0



Total CPU Time: 0 secs  
Total REAL Time: 0 secs  
Peak Memory Usage: 59 MB

Dumping design to file PFD_Experiments_impl1_map.ncd.

ncd2vdb "PFD_Experiments_impl1_map.ncd" ".vdbs/PFD_Experiments_impl1_map.vdb"

Loading device for application ncd2vdb from file 'xo2c7000.nph' in environment: C:/lscc/diamond/3.12/ispfpga.

mpartrce -p "PFD_Experiments_impl1.p2t" -f "PFD_Experiments_impl1.p3t" -tf "PFD_Experiments_impl1.pt" "PFD_Experiments_impl1_map.ncd" "PFD_Experiments_impl1.ncd"

---- MParTrce Tool ----
Removing old design directory at request of -rem command line option to this program.
Running par. Please wait . . .

Lattice Place and Route Report for Design "PFD_Experiments_impl1_map.ncd"
Tue Feb 15 00:11:56 2022

PAR: Place And Route Diamond (64-bit) 3.12.0.240.2.
Command Line: par -w -l 5 -i 6 -t 1 -c 0 -e 0 -gui -exp parUseNBR=1:parCDP=0:parCDR=0:parPathBased=OFF:parASE=1 PFD_Experiments_impl1_map.ncd PFD_Experiments_impl1.dir/5_1.ncd PFD_Experiments_impl1.prf
Preference file: PFD_Experiments_impl1.prf.
Placement level-cost: 5-1.
Routing Iterations: 6

Loading design for application par from file PFD_Experiments_impl1_map.ncd.
Design name: top
NCD version: 3.3
Vendor:      LATTICE
Device:      LCMXO2-7000HE
Package:     TQFP144
Performance: 4
Loading device for application par from file 'xo2c7000.nph' in environment: C:/lscc/diamond/3.12/ispfpga.
Package Status:                     Final          Version 1.39.
Performance Hardware Data Status:   Final          Version 34.4.
License checked out.


Ignore Preference Error(s):  True
Device utilization summary:

   PIO (prelim)   17+4(JTAG)/336     6% used
                  17+4(JTAG)/115     18% bonded

   SLICE             72/3432          2% used

   OSC                1/1           100% used


Number of Signals: 294
Number of Connections: 546

Pin Constraint Summary:
   17 out of 17 pins locked (100% locked).

The following 3 signals are selected to use the primary clock routing resources:
    gps_pps_c (driver: gps_pps, clk load #: 32)
    test_clk_c (driver: test_clk, clk load #: 17)
    fastclk (driver: rc_oscillator, clk load #: 23)


The following 1 signal is selected to use the secondary clock routing resources:
    spi/fastclk_enable_36 (driver: SLICE_89, clk load #: 0, sr load #: 0, ce load #: 17)

No signal is selected as Global Set/Reset.
Starting Placer Phase 0.
........
Finished Placer Phase 0.  REAL time: 0 secs 

Starting Placer Phase 1.
...................
Placer score = 34800.
Finished Placer Phase 1.  REAL time: 2 secs 

Starting Placer Phase 2.
.
Placer score =  34765
Finished Placer Phase 2.  REAL time: 2 secs 


------------------ Clock Report ------------------

Global Clock Resources:
  CLK_PIN    : 2 out of 8 (25%)
  PLL        : 0 out of 2 (0%)
  DCM        : 0 out of 2 (0%)
  DCC        : 0 out of 8 (0%)

Global Clocks:
  PRIMARY "gps_pps_c" from comp "gps_pps" on CLK_PIN site "55 (PB23A)", clk load = 32
  PRIMARY "test_clk_c" from comp "test_clk" on CLK_PIN site "128 (PT18A)", clk load = 17
  PRIMARY "fastclk" from OSC on comp "rc_oscillator" on site "OSC", clk load = 23
  SECONDARY "spi/fastclk_enable_36" from F1 on comp "SLICE_89" on site "R14C18B", clk load = 0, ce load = 17, sr load = 0

  PRIMARY  : 3 out of 8 (37%)
  SECONDARY: 1 out of 8 (12%)

Edge Clocks:
  No edge clock selected.

--------------- End of Clock Report ---------------


I/O Usage Summary (final):
   17 + 4(JTAG) out of 336 (6.3%) PIO sites used.
   17 + 4(JTAG) out of 115 (18.3%) bonded PIO sites used.
   Number of PIO comps: 17; differential: 0.
   Number of Vref pins used: 0.

I/O Bank Usage Summary:
+----------+----------------+------------+-----------+
| I/O Bank | Usage          | Bank Vccio | Bank Vref |
+----------+----------------+------------+-----------+
| 0        | 1 / 28 (  3%)  | 3.3V       | -         |
| 1        | 10 / 29 ( 34%) | 3.3V       | -         |
| 2        | 6 / 29 ( 20%)  | 3.3V       | -         |
| 3        | 0 / 9 (  0%)   | -          | -         |
| 4        | 0 / 10 (  0%)  | -          | -         |
| 5        | 0 / 10 (  0%)  | -          | -         |
+----------+----------------+------------+-----------+

Total placer CPU time: 1 secs 

Dumping design to file PFD_Experiments_impl1.dir/5_1.ncd.

0 connections routed; 546 unrouted.
Starting router resource preassignment

Completed router resource preassignment. Real time: 3 secs 

Start NBR router at 00:11:59 02/15/22

*****************************************************************
Info: NBR allows conflicts(one node used by more than one signal)
      in the earlier iterations. In each iteration, it tries to  
      solve the conflicts while keeping the critical connections 
      routed as short as possible. The routing process is said to
      be completed when no conflicts exist and all connections   
      are routed.                                                
Note: NBR uses a different method to calculate timing slacks. The
      worst slack and total negative slack may not be the same as
      that in TRCE report. You should always run TRCE to verify  
      your design.                                               
*****************************************************************

Start NBR special constraint process at 00:12:00 02/15/22

Start NBR section for initial routing at 00:12:00 02/15/22
Level 1, iteration 1
0(0.00%) conflict; 350(64.10%) untouched conns; 0 (nbr) score; 
Estimated worst slack/total negative slack<setup>: 2.215ns/0.000ns; real time: 4 secs 
Level 2, iteration 1
0(0.00%) conflict; 350(64.10%) untouched conns; 0 (nbr) score; 
Estimated worst slack/total negative slack<setup>: 1.807ns/0.000ns; real time: 4 secs 
Level 3, iteration 1
5(0.00%) conflicts; 261(47.80%) untouched conns; 0 (nbr) score; 
Estimated worst slack/total negative slack<setup>: 2.129ns/0.000ns; real time: 4 secs 
Level 4, iteration 1
25(0.01%) conflicts; 0(0.00%) untouched conn; 0 (nbr) score; 
Estimated worst slack/total negative slack<setup>: 2.103ns/0.000ns; real time: 4 secs 

Info: Initial congestion level at 75% usage is 0
Info: Initial congestion area  at 75% usage is 0 (0.00%)

Start NBR section for normal routing at 00:12:00 02/15/22
Level 1, iteration 1
0(0.00%) conflict; 26(4.76%) untouched conns; 0 (nbr) score; 
Estimated worst slack/total negative slack<setup>: 2.103ns/0.000ns; real time: 4 secs 
Level 4, iteration 1
17(0.00%) conflicts; 0(0.00%) untouched conn; 0 (nbr) score; 
Estimated worst slack/total negative slack<setup>: 2.103ns/0.000ns; real time: 4 secs 
Level 4, iteration 2
10(0.00%) conflicts; 0(0.00%) untouched conn; 0 (nbr) score; 
Estimated worst slack/total negative slack<setup>: 2.103ns/0.000ns; real time: 4 secs 
Level 4, iteration 3
4(0.00%) conflicts; 0(0.00%) untouched conn; 0 (nbr) score; 
Estimated worst slack/total negative slack<setup>: 2.103ns/0.000ns; real time: 4 secs 
Level 4, iteration 4
2(0.00%) conflicts; 0(0.00%) untouched conn; 0 (nbr) score; 
Estimated worst slack/total negative slack<setup>: 2.103ns/0.000ns; real time: 4 secs 
Level 4, iteration 5
0(0.00%) conflict; 0(0.00%) untouched conn; 0 (nbr) score; 
Estimated worst slack/total negative slack<setup>: 2.103ns/0.000ns; real time: 4 secs 

Start NBR section for setup/hold timing optimization with effort level 3 at 00:12:00 02/15/22

Start NBR section for re-routing at 00:12:00 02/15/22
Level 4, iteration 1
0(0.00%) conflict; 0(0.00%) untouched conn; 0 (nbr) score; 
Estimated worst slack/total negative slack<setup>: 2.103ns/0.000ns; real time: 4 secs 

Start NBR section for post-routing at 00:12:00 02/15/22

End NBR router with 0 unrouted connection

NBR Summary
-----------
  Number of unrouted connections : 0 (0.00%)
  Number of connections with timing violations : 0 (0.00%)
  Estimated worst slack<setup> : 2.103ns
  Timing score<setup> : 0
-----------
Notes: The timing info is calculated for SETUP only and all PAR_ADJs are ignored.



Total CPU time 3 secs 
Total REAL time: 4 secs 
Completely routed.
End of route.  546 routed (100.00%); 0 unrouted.

Hold time timing score: 0, hold timing errors: 0

Timing score: 0 

Dumping design to file PFD_Experiments_impl1.dir/5_1.ncd.


PAR_SUMMARY::Run status = Completed
PAR_SUMMARY::Number of unrouted conns = 0
PAR_SUMMARY::Worst  slack<setup/<ns>> = 2.103
PAR_SUMMARY::Timing score<setup/<ns>> = 0.000
PAR_SUMMARY::Worst  slack<hold /<ns>> = 0.299
PAR_SUMMARY::Timing score<hold /<ns>> = 0.000
PAR_SUMMARY::Number of errors = 0

Total CPU  time to completion: 3 secs 
Total REAL time to completion: 4 secs 

par done!

Note: user must run 'Trace' for timing closure signoff.

Copyright (c) 1991-1994 by NeoCAD Inc. All rights reserved.
Copyright (c) 1995 AT&T Corp.   All rights reserved.
Copyright (c) 1995-2001 Lucent Technologies Inc.  All rights reserved.
Copyright (c) 2001 Agere Systems   All rights reserved.
Copyright (c) 2002-2020 Lattice Semiconductor Corporation,  All rights reserved.
Exiting par with exit code 0
Exiting mpartrce with exit code 0

trce -f "PFD_Experiments_impl1.pt" -o "PFD_Experiments_impl1.twr" "PFD_Experiments_impl1.ncd" "PFD_Experiments_impl1.prf"
trce:  version Diamond (64-bit) 3.12.0.240.2

Copyright (c) 1991-1994 by NeoCAD Inc. All rights reserved.
Copyright (c) 1995 AT&T Corp.   All rights reserved.
Copyright (c) 1995-2001 Lucent Technologies Inc.  All rights reserved.
Copyright (c) 2001 Agere Systems   All rights reserved.
Copyright (c) 2002-2020 Lattice Semiconductor Corporation,  All rights reserved.

Loading design for application trce from file pfd_experiments_impl1.ncd.
Design name: top
NCD version: 3.3
Vendor:      LATTICE
Device:      LCMXO2-7000HE
Package:     TQFP144
Performance: 4
Loading device for application trce from file 'xo2c7000.nph' in environment: C:/lscc/diamond/3.12/ispfpga.
Package Status:                     Final          Version 1.39.
Performance Hardware Data Status:   Final          Version 34.4.
Setup and Hold Report

--------------------------------------------------------------------------------
Lattice TRACE Report - Setup, Version Diamond (64-bit) 3.12.0.240.2
Tue Feb 15 00:12:01 2022

Copyright (c) 1991-1994 by NeoCAD Inc. All rights reserved.
Copyright (c) 1995 AT&T Corp.   All rights reserved.
Copyright (c) 1995-2001 Lucent Technologies Inc.  All rights reserved.
Copyright (c) 2001 Agere Systems   All rights reserved.
Copyright (c) 2002-2020 Lattice Semiconductor Corporation,  All rights reserved.

Report Information
------------------
Command line:    trce -v 10 -gt -sethld -sp 4 -sphld m -o PFD_Experiments_impl1.twr -gui PFD_Experiments_impl1.ncd PFD_Experiments_impl1.prf 
Design file:     pfd_experiments_impl1.ncd
Preference file: pfd_experiments_impl1.prf
Device,speed:    LCMXO2-7000HE,4
Report level:    verbose report, limited to 10 items per preference
--------------------------------------------------------------------------------

BLOCK ASYNCPATHS
BLOCK RESETPATHS
--------------------------------------------------------------------------------



Timing summary (Setup):
---------------

Timing errors: 0  Score: 0
Cumulative negative slack: 0

Constraints cover 413 paths, 1 nets, and 221 connections (40.48% coverage)

--------------------------------------------------------------------------------
Lattice TRACE Report - Hold, Version Diamond (64-bit) 3.12.0.240.2
Tue Feb 15 00:12:01 2022

Copyright (c) 1991-1994 by NeoCAD Inc. All rights reserved.
Copyright (c) 1995 AT&T Corp.   All rights reserved.
Copyright (c) 1995-2001 Lucent Technologies Inc.  All rights reserved.
Copyright (c) 2001 Agere Systems   All rights reserved.
Copyright (c) 2002-2020 Lattice Semiconductor Corporation,  All rights reserved.

Report Information
------------------
Command line:    trce -v 10 -gt -sethld -sp 4 -sphld m -o PFD_Experiments_impl1.twr -gui PFD_Experiments_impl1.ncd PFD_Experiments_impl1.prf 
Design file:     pfd_experiments_impl1.ncd
Preference file: pfd_experiments_impl1.prf
Device,speed:    LCMXO2-7000HE,m
Report level:    verbose report, limited to 10 items per preference
--------------------------------------------------------------------------------

BLOCK ASYNCPATHS
BLOCK RESETPATHS
--------------------------------------------------------------------------------



Timing summary (Hold):
---------------

Timing errors: 0  Score: 0
Cumulative negative slack: 0

Constraints cover 413 paths, 1 nets, and 221 connections (40.48% coverage)



Timing summary (Setup and Hold):
---------------

Timing errors: 0 (setup), 0 (hold)
Score: 0 (setup), 0 (hold)
Cumulative negative slack: 0 (0+0)
--------------------------------------------------------------------------------

--------------------------------------------------------------------------------

Total CPU Time: 0 secs 
Total REAL Time: 0 secs 
Peak Memory Usage: 67 MB


tmcheck -par "PFD_Experiments_impl1.par" 

bitgen -f "PFD_Experiments_impl1.t2b" -w "PFD_Experiments_impl1.ncd"  -jedec "PFD_Experiments_impl1.prf"


BITGEN: Bitstream Generator Diamond (64-bit) 3.12.0.240.2
Copyright (c) 1991-1994 by NeoCAD Inc. All rights reserved.
Copyright (c) 1995 AT&T Corp.   All rights reserved.
Copyright (c) 1995-2001 Lucent Technologies Inc.  All rights reserved.
Copyright (c) 2001 Agere Systems   All rights reserved.
Copyright (c) 2002-2020 Lattice Semiconductor Corporation,  All rights reserved.


Loading design for application Bitgen from file PFD_Experiments_impl1.ncd.
Design name: top
NCD version: 3.3
Vendor:      LATTICE
Device:      LCMXO2-7000HE
Package:     TQFP144
Performance: 4
Loading device for application Bitgen from file 'xo2c7000.nph' in environment: C:/lscc/diamond/3.12/ispfpga.
Package Status:                     Final          Version 1.39.
Performance Hardware Data Status:   Final          Version 34.4.

Running DRC.
DRC detected 0 errors and 0 warnings.
Reading Preference File from PFD_Experiments_impl1.prf.

Preference Summary:
+---------------------------------+---------------------------------+
|  Preference                     |  Current Setting                |
+---------------------------------+---------------------------------+
|                         RamCfg  |                        Reset**  |
+---------------------------------+---------------------------------+
|                     MCCLK_FREQ  |                         2.08**  |
+---------------------------------+---------------------------------+
|                  CONFIG_SECURE  |                          OFF**  |
+---------------------------------+---------------------------------+
|                          INBUF  |                           ON**  |
+---------------------------------+---------------------------------+
|                      JTAG_PORT  |                       ENABLE**  |
+---------------------------------+---------------------------------+
|                       SDM_PORT  |                      DISABLE**  |
+---------------------------------+---------------------------------+
|                 SLAVE_SPI_PORT  |                      DISABLE**  |
+---------------------------------+---------------------------------+
|                MASTER_SPI_PORT  |                      DISABLE**  |
+---------------------------------+---------------------------------+
|                       I2C_PORT  |                      DISABLE**  |
+---------------------------------+---------------------------------+
|        MUX_CONFIGURATION_PORTS  |                      DISABLE**  |
+---------------------------------+---------------------------------+
|                  CONFIGURATION  |                          CFG**  |
+---------------------------------+---------------------------------+
|                COMPRESS_CONFIG  |                           ON**  |
+---------------------------------+---------------------------------+
|                        MY_ASSP  |                          OFF**  |
+---------------------------------+---------------------------------+
|               ONE_TIME_PROGRAM  |                          OFF**  |
+---------------------------------+---------------------------------+
|                 ENABLE_TRANSFR  |                      DISABLE**  |
+---------------------------------+---------------------------------+
|                  SHAREDEBRINIT  |                      DISABLE**  |
+---------------------------------+---------------------------------+
|            BACKGROUND_RECONFIG  |                          OFF**  |
+---------------------------------+---------------------------------+
 *  Default setting.
 ** The specified setting matches the default setting.


Creating bit map...
 
Bitstream Status: Final           Version 1.95.
 
Saving bit stream in "PFD_Experiments_impl1.jed".
 
===========
UFM Summary.
===========
UFM Size:        2046 Pages (128*2046 Bits).
UFM Utilization: General Purpose Flash Memory.
 
Available General Purpose Flash Memory: 2046 Pages (Page 0 to Page 2045).
Initialized UFM Pages:                     0 Page.
 
Total CPU Time: 2 secs 
Total REAL Time: 3 secs 
Peak Memory Usage: 289 MB
